ERC report (2026-02-23T19:41:28-0500, Encoding UTF8)

***** Sheet /
[pin_not_connected]: Pin not connected
    ; error
    @(1250 mils, 1700 mils): Symbol J1 Pin 32 [GPIO12/PWM0, Bidirectional, Line]
[pin_not_connected]: Pin not connected
    ; error
    @(1250 mils, 1800 mils): Symbol J1 Pin 33 [GPIO13/PWM1, Bidirectional, Line]
[pin_not_connected]: Pin not connected
    ; error
    @(1250 mils, 2000 mils): Symbol J1 Pin 8 [GPIO14/UART_TXD, Bidirectional, Line]
[pin_not_connected]: Pin not connected
    ; error
    @(1250 mils, 2100 mils): Symbol J1 Pin 10 [GPIO15/UART_RXD, Bidirectional, Line]
[pin_not_connected]: Pin not connected
    ; error
    @(1250 mils, 2300 mils): Symbol J1 Pin 36 [GPIO16/SPI1_~{CE2}, Bidirectional, Line]
[pin_not_connected]: Pin not connected
    ; error
    @(1250 mils, 2600 mils): Symbol J1 Pin 35 [GPIO19/SPI1_MISO/PCM_FS, Bidirectional, Line]
[pin_not_connected]: Pin not connected
    ; error
    @(1250 mils, 2700 mils): Symbol J1 Pin 38 [GPIO20/SPI1_MOSI/PCM_DIN/PWM1, Bidirectional, Line]
[pin_not_connected]: Pin not connected
    ; error
    @(1250 mils, 2800 mils): Symbol J1 Pin 40 [GPIO21/SPI1_SCLK/PCM_DOUT, Bidirectional, Line]
[pin_to_pin]: Pins of type Power output and Power output are connected
    ; error
    @(3850 mils, 1700 mils): Symbol J1 Pin 2 [5V, Power output, Line]
    @(9350 mils, 3150 mils): Symbol U8 Pin 3 [VOUT, Power output, Line]
[pin_not_connected]: Pin not connected
    ; error
    @(3850 mils, 1800 mils): Symbol J1 Hidden pin 17 [3V3, Passive, Line]
[pin_not_connected]: Pin not connected
    ; error
    @(3850 mils, 2000 mils): Symbol J1 Pin 27 [ID_SD_I2C0/GPIO00, Bidirectional, Line]
[pin_not_connected]: Pin not connected
    ; error
    @(3850 mils, 2100 mils): Symbol J1 Pin 28 [ID_SC_I2C0/GPIO01, Bidirectional, Line]
[label_dangling]: Label not connected to anything
    ; error
    @(3850 mils, 2300 mils): Hierarchical Label 'I2C_SDA'
[pin_not_connected]: Hierarchical label "I2C_SDA" in root sheet cannot be connected to non-existent parent sheet
    ; error
    @(3850 mils, 2300 mils): Hierarchical Label 'I2C_SDA'
[label_dangling]: Label not connected to anything
    ; error
    @(3850 mils, 2400 mils): Hierarchical Label 'I2C_SCL'
[pin_not_connected]: Hierarchical label "I2C_SCL" in root sheet cannot be connected to non-existent parent sheet
    ; error
    @(3850 mils, 2400 mils): Hierarchical Label 'I2C_SCL'
[pin_not_connected]: Pin not connected
    ; error
    @(3850 mils, 2600 mils): Symbol J1 Pin 7 [GPCLK0/GPIO04, Bidirectional, Line]
[pin_not_connected]: Pin not connected
    ; error
    @(3850 mils, 2700 mils): Symbol J1 Pin 29 [GPCLK1/GPIO05, Bidirectional, Line]
[pin_not_connected]: Pin not connected
    ; error
    @(3850 mils, 2800 mils): Symbol J1 Pin 31 [GPCLK2/GPIO06, Bidirectional, Line]
[pin_not_connected]: Pin not connected
    ; error
    @(3850 mils, 3000 mils): Symbol J1 Pin 26 [~{CE1}_SPI0/GPIO07, Bidirectional, Line]
[pin_not_connected]: Pin not connected
    ; error
    @(3850 mils, 3100 mils): Symbol J1 Pin 24 [~{CE0}_SPI0/GPIO08, Bidirectional, Line]
[pin_not_connected]: Pin not connected
    ; error
    @(3850 mils, 3200 mils): Symbol J1 Pin 21 [MISO_SPI0/GPIO09, Bidirectional, Line]
[pin_not_connected]: Pin not connected
    ; error
    @(3850 mils, 3300 mils): Symbol J1 Pin 19 [MOSI_SPI0/GPIO10, Bidirectional, Line]
[pin_not_connected]: Pin not connected
    ; error
    @(3850 mils, 3400 mils): Symbol J1 Pin 23 [SCLK_SPI0/GPIO11, Bidirectional, Line]
[label_dangling]: Label not connected to anything
    ; error
    @(5250 mils, 3300 mils): Label 'B-'
[label_dangling]: Label not connected to anything
    ; error
    @(6100 mils, 4400 mils): Label 'P-'
[multiple_net_names]: Both +5V and 5V are attached to the same items; +5V will be used in the netlist
    ; warning
    @(5250 mils, 1100 mils): Symbol #PWR01 Pin 1 [Power input, Line]
    @(8350 mils, 2500 mils): Label '5V'
[lib_symbol_issues]: Symbol 'TFmini_S' not found in symbol library 'sensors'
    ; warning
    @(3100 mils, 3000 mils): Symbol U2 [TFmini_S]
[lib_symbol_issues]: Symbol 'Battery' not found in symbol library 'sensors'
    ; warning
    @(7200 mils, 3050 mils): Symbol U6 [Battery]
[unconnected_wire_endpoint]: Unconnected wire endpoint
    ; warning
    @(8750 mils, 2850 mils): Vertical Wire, length 100 mils

***** Sheet /SensorBus/
[hier_label_mismatch]: Hierarchical label I2C_SDA has no matching sheet pin in the parent sheet
    ; error
    @(5250 mils, 2800 mils): Hierarchical Label 'I2C_SDA'
[hier_label_mismatch]: Hierarchical label I2C_SCL has no matching sheet pin in the parent sheet
    ; error
    @(5250 mils, 3250 mils): Hierarchical Label 'I2C_SCL'
[pin_not_connected]: Pin not connected
    ; error
    @(5650 mils, 4250 mils): Symbol U3 Pin 11 [FSYNC, Input, Line]
[pin_not_driven]: Input pin not driven by any Output pins
    ; error
    @(5650 mils, 4250 mils): Symbol U3 Pin 11 [FSYNC, Input, Line]
[pin_not_connected]: Pin not connected
    ; error
    @(5650 mils, 4350 mils): Symbol U3 Pin 12 [INT1, Output, Line]
[pin_not_connected]: Pin not connected
    ; error
    @(6650 mils, 3950 mils): Symbol U3 Pin 21 [AUX_DA, Bidirectional, Line]
[pin_not_connected]: Pin not connected
    ; error
    @(6650 mils, 4050 mils): Symbol U3 Pin 7 [AUX_CL, Output, Line]
[pin_not_connected]: Pin not connected
    ; error
    @(6650 mils, 4250 mils): Symbol U3 Pin 10 [REGOUT, Passive, Line]
[pin_to_pin]: Pins of type Bidirectional and Power output are connected
    ; warning
    @(5650 mils, 3750 mils): Symbol U3 Pin 9 [SDO/AD0, Bidirectional, Line]
    @(2550 mils, 3700 mils): Symbol J1 Pin 6 [GND, Power output, Line]

***** Sheet /PwrMgmt/
[pin_not_connected]: Pin not connected
    ; error
    @(1800 mils, 3950 mils): Symbol J10 Pin S1 [SHIELD, Passive, Line]
[power_pin_not_driven]: Input Power pin not driven by any Output Power pins
    ; error
    @(4300 mils, 2750 mils): Symbol U4 Pin 4 [V_{CC}, Power input, Line]
[pin_not_connected]: Pin not connected
    ; error
    @(4200 mils, 3750 mils): Symbol U4 Pin 9 [EPAD, Passive, Line]
[power_pin_not_driven]: Input Power pin not driven by any Output Power pins
    ; error
    @(5900 mils, 3350 mils): Symbol U5 Pin 6 [GND, Power input, Line]
[power_pin_not_driven]: Input Power pin not driven by any Output Power pins
    ; error
    @(7400 mils, 3600 mils): Symbol U6 Pin 2 [GND, Power input, Line]
[pin_not_connected]: Pin not connected
    ; error
    @(8550 mils, 3250 mils): Symbol U8 Pin 6 [MODE, Input, Line]
[pin_not_driven]: Input pin not driven by any Output pins
    ; error
    @(8550 mils, 3250 mils): Symbol U8 Pin 6 [MODE, Input, Line]

 ** ERC messages: 46  Errors 41  Warnings 5
